
=== Wed Sep  6 18:51:11 2023

Packages were changed.
Update Mode: updateDependencies

The following packages were added:
  com.unity.ide.visualstudio@2.0.18
  com.unity.ai.navigation@1.1.4
The following packages were updated:
  com.unity.2d.animation from version 3.2.2 to 9.0.3
  com.unity.2d.pixel-perfect from version 2.0.4 to 5.0.3
  com.unity.2d.psdimporter from version 2.1.4 to 8.0.2
  com.unity.2d.spriteshape from version 3.0.11 to 9.0.2
  com.unity.collab-proxy from version 1.2.16 to 2.0.7
  com.unity.ide.vscode from version 1.2.1 to 1.2.5
  com.unity.test-framework from version 1.1.14 to 1.1.33
  com.unity.textmeshpro from version 2.0.1 to 3.0.6
  com.unity.timeline from version 1.2.14 to 1.7.5

=== Wed Sep  6 20:02:39 2023

Packages were changed.
Update Mode: updateDependencies

The following packages were updated:
  com.unity.2d.animation from version 9.0.3 to 10.0.2
  com.unity.2d.psdimporter from version 8.0.2 to 9.0.0
  com.unity.2d.spriteshape from version 9.0.2 to 10.0.1
  com.unity.test-framework from version 1.1.33 to 1.3.7
  com.unity.timeline from version 1.7.5 to 1.8.2
